Flow report for ArbitrationDemo2
Thu Nov 30 20:46:15 2023
Quartus Prime Version 18.1.0 Build 625 09/12/2018 SJ Lite Edition


---------------------
; Table of Contents ;
---------------------
  1. Legal Notice
  2. Flow Summary
  3. Flow Settings
  4. Flow Non-Default Global Settings
  5. Flow Elapsed Time
  6. Flow OS Summary
  7. Flow Log
  8. Flow Messages
  9. Flow Suppressed Messages



----------------
; Legal Notice ;
----------------
Copyright (C) 2018  Intel Corporation. All rights reserved.
Your use of Intel Corporation's design tools, logic functions 
and other software and tools, and its AMPP partner logic 
functions, and any output files from any of the foregoing 
(including device programming or simulation files), and any 
associated documentation or information are expressly subject 
to the terms and conditions of the Intel Program License 
Subscription Agreement, the Intel Quartus Prime License Agreement,
the Intel FPGA IP License Agreement, or other applicable license
agreement, including, without limitation, that your use is for
the sole purpose of programming logic devices manufactured by
Intel and sold by Intel or its authorized distributors.  Please
refer to the applicable agreement for further details.



+-------------------------------------------------------------------------------+
; Flow Summary                                                                  ;
+---------------------------------+---------------------------------------------+
; Flow Status                     ; Successful - Thu Nov 30 20:46:06 2023       ;
; Quartus Prime Version           ; 18.1.0 Build 625 09/12/2018 SJ Lite Edition ;
; Revision Name                   ; ArbitrationDemo2                            ;
; Top-level Entity Name           ; Arbitration_part2                           ;
; Family                          ; Cyclone V                                   ;
; Device                          ; 5CSEMA5F31C6                                ;
; Timing Models                   ; Final                                       ;
; Logic utilization (in ALMs)     ; 1,471 / 32,070 ( 5 % )                      ;
; Total registers                 ; 2022                                        ;
; Total pins                      ; 5 / 457 ( 1 % )                             ;
; Total virtual pins              ; 0                                           ;
; Total block memory bits         ; 317,440 / 4,065,280 ( 8 % )                 ;
; Total DSP Blocks                ; 0 / 87 ( 0 % )                              ;
; Total HSSI RX PCSs              ; 0                                           ;
; Total HSSI PMA RX Deserializers ; 0                                           ;
; Total HSSI TX PCSs              ; 0                                           ;
; Total HSSI PMA TX Serializers   ; 0                                           ;
; Total PLLs                      ; 0 / 6 ( 0 % )                               ;
; Total DLLs                      ; 0 / 4 ( 0 % )                               ;
+---------------------------------+---------------------------------------------+


+-----------------------------------------+
; Flow Settings                           ;
+-------------------+---------------------+
; Option            ; Setting             ;
+-------------------+---------------------+
; Start date & time ; 11/30/2023 20:44:05 ;
; Main task         ; Compilation         ;
; Revision Name     ; ArbitrationDemo2    ;
+-------------------+---------------------+


+---------------------------------------------------------------------------------------------------------------------------------------------------------+
; Flow Non-Default Global Settings                                                                                                                        ;
+-------------------------------------+---------------------------------------------------------------+------------------+-------------------+------------+
; Assignment Name                     ; Value                                                         ; Default Value    ; Entity Name       ; Section Id ;
+-------------------------------------+---------------------------------------------------------------+------------------+-------------------+------------+
; COMPILER_SIGNATURE_ID               ; 141037556293154.170139504418636                               ; --               ; --                ; --         ;
; MAX_CORE_JUNCTION_TEMP              ; 85                                                            ; --               ; --                ; --         ;
; MIN_CORE_JUNCTION_TEMP              ; 0                                                             ; --               ; --                ; --         ;
; MISC_FILE                           ; nios_system/synthesis/../nios_system.cmp                      ; --               ; --                ; --         ;
; MISC_FILE                           ; nios_system/synthesis/../../nios_system.qsys                  ; --               ; --                ; --         ;
; PARTITION_COLOR                     ; -- (Not supported for targeted family)                        ; --               ; Arbitration_part2 ; Top        ;
; PARTITION_FITTER_PRESERVATION_LEVEL ; -- (Not supported for targeted family)                        ; --               ; Arbitration_part2 ; Top        ;
; PARTITION_NETLIST_TYPE              ; -- (Not supported for targeted family)                        ; --               ; Arbitration_part2 ; Top        ;
; POWER_BOARD_THERMAL_MODEL           ; None (CONSERVATIVE)                                           ; --               ; --                ; --         ;
; POWER_PRESET_COOLING_SOLUTION       ; 23 MM HEAT SINK WITH 200 LFPM AIRFLOW                         ; --               ; --                ; --         ;
; PROJECT_OUTPUT_DIRECTORY            ; output_files                                                  ; --               ; --                ; --         ;
; SLD_FILE                            ; nios_system/synthesis/nios_system.regmap                      ; --               ; --                ; --         ;
; SLD_FILE                            ; nios_system/synthesis/nios_system.debuginfo                   ; --               ; --                ; --         ;
; SLD_INFO                            ; QSYS_NAME nios_system HAS_SOPCINFO 1 GENERATION_ID 1701394631 ; --               ; nios_system       ; --         ;
; SOPCINFO_FILE                       ; nios_system/synthesis/../../nios_system.sopcinfo              ; --               ; --                ; --         ;
; SYNTHESIS_ONLY_QIP                  ; On                                                            ; --               ; --                ; --         ;
; TOP_LEVEL_ENTITY                    ; Arbitration_part2                                             ; ArbitrationDemo2 ; --                ; --         ;
+-------------------------------------+---------------------------------------------------------------+------------------+-------------------+------------+


+--------------------------------------------------------------------------------------------------------------------------+
; Flow Elapsed Time                                                                                                        ;
+----------------------+--------------+-------------------------+---------------------+------------------------------------+
; Module Name          ; Elapsed Time ; Average Processors Used ; Peak Virtual Memory ; Total CPU Time (on all processors) ;
+----------------------+--------------+-------------------------+---------------------+------------------------------------+
; Analysis & Synthesis ; 00:00:24     ; 1.0                     ; 5046 MB             ; 00:00:24                           ;
; Fitter               ; 00:01:25     ; 1.2                     ; 7060 MB             ; 00:01:48                           ;
; Assembler            ; 00:00:06     ; 1.0                     ; 4883 MB             ; 00:00:06                           ;
; Timing Analyzer      ; 00:00:08     ; 2.7                     ; 5272 MB             ; 00:00:14                           ;
; Total                ; 00:02:03     ; --                      ; --                  ; 00:02:32                           ;
+----------------------+--------------+-------------------------+---------------------+------------------------------------+


+------------------------------------------------------------------------------------+
; Flow OS Summary                                                                    ;
+----------------------+------------------+------------+------------+----------------+
; Module Name          ; Machine Hostname ; OS Name    ; OS Version ; Processor type ;
+----------------------+------------------+------------+------------+----------------+
; Analysis & Synthesis ; LAPTOP-LR0PFUUP  ; Windows 10 ; 10.0       ; x86_64         ;
; Fitter               ; LAPTOP-LR0PFUUP  ; Windows 10 ; 10.0       ; x86_64         ;
; Assembler            ; LAPTOP-LR0PFUUP  ; Windows 10 ; 10.0       ; x86_64         ;
; Timing Analyzer      ; LAPTOP-LR0PFUUP  ; Windows 10 ; 10.0       ; x86_64         ;
+----------------------+------------------+------------+------------+----------------+


------------
; Flow Log ;
------------
quartus_map --read_settings_files=on --write_settings_files=off ArbitrationDemo2 -c ArbitrationDemo2
quartus_fit --read_settings_files=off --write_settings_files=off ArbitrationDemo2 -c ArbitrationDemo2
quartus_asm --read_settings_files=off --write_settings_files=off ArbitrationDemo2 -c ArbitrationDemo2
quartus_sta ArbitrationDemo2 -c ArbitrationDemo2



