09:40:14 **** Build of configuration Nios II for project nios_system ****
make all 
Info: Building ../nios_system_bsp/
C:/intelFPGA_lite/18.1/nios2eds/bin/gnu/H-x86_64-mingw32/bin/make --no-print-directory -C ../nios_system_bsp/
[BSP build complete]
Info: Compiling Arbitration_part1.c to obj/default/Arbitration_part1.o
nios2-elf-gcc -xc -MP -MMD -c -I../nios_system_bsp//HAL/inc -I../nios_system_bsp/ -I../nios_system_bsp//drivers/inc  -pipe -D__hal__ -DALT_NO_INSTRUCTION_EMULATION -DALT_SINGLE_THREADED    -O0 -g -Wall   -mno-hw-div -mno-hw-mul -mno-hw-mulx -mgpopt=global  -o obj/default/Arbitration_part1.o Arbitration_part1.c
Arbitration_part1.c: In function 'main':
Arbitration_part1.c:97:9: warning: unused variable 'fail' [-Wunused-variable]
   uint8 fail = 0;
         ^
Info: Linking nios_system.elf
nios2-elf-g++  -T'../nios_system_bsp//linker.x' -msys-crt0='../nios_system_bsp//obj/HAL/src/crt0.o' -msys-lib=hal_bsp -L../nios_system_bsp/   -Wl,-Map=nios_system.map   -O0 -g -Wall   -mno-hw-div -mno-hw-mul -mno-hw-mulx -mgpopt=global  -o nios_system.elf obj/default/Arbitration_part1.o -lm -msys-lib=m
nios2-elf-insert nios_system.elf --thread_model hal --cpu_name nios2_gen2_0 --qsys true --simulation_enabled false --id 10 --sidp 0x1810 --timestamp 1700231659 --stderr_dev jtag_uart_0 --stdin_dev jtag_uart_0 --stdout_dev jtag_uart_0 --sopc_system_name nios_system --quartus_project_dir "D:/ESD1/demo/Arbitration_Demo/Quartus/part1" --jdi ../..//output_files/ArbitrationDemo.jdi --sopcinfo D:/ESD1/demo/Arbitration_Demo/Quartus/part1/software/nios_system_bsp/../../nios_system.sopcinfo
Info: (nios_system.elf) 15 KBytes program size (code + initialized data).
Info:                   11 KBytes free for stack + heap.
Info: Creating nios_system.objdump
nios2-elf-objdump --disassemble --syms --all-header --source nios_system.elf >nios_system.objdump
[nios_system build complete]
09:40:31 **** Build of configuration Nios II for project nios_system ****
make all 
Info: Building ../nios_system_bsp/
C:/intelFPGA_lite/18.1/nios2eds/bin/gnu/H-x86_64-mingw32/bin/make --no-print-directory -C ../nios_system_bsp/
[BSP build complete]
[nios_system build complete]
09:40:33 **** Incremental Build of configuration Nios II for project nios_system ****
make all 
Info: Building ../nios_system_bsp/
C:/intelFPGA_lite/18.1/nios2eds/bin/gnu/H-x86_64-mingw32/bin/make --no-print-directory -C ../nios_system_bsp/
[BSP build complete]
[nios_system build complete]
09:42:54 **** Build of configuration Nios II for project nios_system ****
make all 
Info: Building ../nios_system_bsp/
C:/intelFPGA_lite/18.1/nios2eds/bin/gnu/H-x86_64-mingw32/bin/make --no-print-directory -C ../nios_system_bsp/
[BSP build complete]
[nios_system build complete]
09:42:55 **** Incremental Build of configuration Nios II for project nios_system ****
make all 
Info: Building ../nios_system_bsp/
C:/intelFPGA_lite/18.1/nios2eds/bin/gnu/H-x86_64-mingw32/bin/make --no-print-directory -C ../nios_system_bsp/
[BSP build complete]
[nios_system build complete]
16:50:30 **** Build of configuration Nios II for project nios_system ****
make all 
Info: Building ../nios_system_bsp/
C:/intelFPGA_lite/18.1/nios2eds/bin/gnu/H-x86_64-mingw32/bin/make --no-print-directory -C ../nios_system_bsp/
[BSP build complete]
[nios_system build complete]
16:50:32 **** Incremental Build of configuration Nios II for project nios_system ****
make all 
Info: Building ../nios_system_bsp/
C:/intelFPGA_lite/18.1/nios2eds/bin/gnu/H-x86_64-mingw32/bin/make --no-print-directory -C ../nios_system_bsp/
[BSP build complete]
[nios_system build complete]
16:52:32 **** Build of configuration Nios II for project nios_system ****
make all 
Info: Building ../nios_system_bsp/
C:/intelFPGA_lite/18.1/nios2eds/bin/gnu/H-x86_64-mingw32/bin/make --no-print-directory -C ../nios_system_bsp/
[BSP build complete]
[nios_system build complete]
16:52:33 **** Incremental Build of configuration Nios II for project nios_system ****
make all 
Info: Building ../nios_system_bsp/
C:/intelFPGA_lite/18.1/nios2eds/bin/gnu/H-x86_64-mingw32/bin/make --no-print-directory -C ../nios_system_bsp/
[BSP build complete]
[nios_system build complete]
16:53:42 **** Build of configuration Nios II for project nios_system ****
make all 
Info: Building ../nios_system_bsp/
C:/intelFPGA_lite/18.1/nios2eds/bin/gnu/H-x86_64-mingw32/bin/make --no-print-directory -C ../nios_system_bsp/
[BSP build complete]
[nios_system build complete]
16:53:43 **** Incremental Build of configuration Nios II for project nios_system ****
make all 
Info: Building ../nios_system_bsp/
C:/intelFPGA_lite/18.1/nios2eds/bin/gnu/H-x86_64-mingw32/bin/make --no-print-directory -C ../nios_system_bsp/
[BSP build complete]
[nios_system build complete]
16:54:36 **** Build of configuration Nios II for project nios_system ****
make all 
Info: Building ../nios_system_bsp/
C:/intelFPGA_lite/18.1/nios2eds/bin/gnu/H-x86_64-mingw32/bin/make --no-print-directory -C ../nios_system_bsp/
[BSP build complete]
[nios_system build complete]
16:54:37 **** Incremental Build of configuration Nios II for project nios_system ****
make all 
Info: Building ../nios_system_bsp/
C:/intelFPGA_lite/18.1/nios2eds/bin/gnu/H-x86_64-mingw32/bin/make --no-print-directory -C ../nios_system_bsp/
[BSP build complete]
[nios_system build complete]
