21:01:23 **** Build of configuration Nios II for project Arbitration_Nios1_APP ****
make all 
Info: Building ../Arbitration_Nios1_APP_bsp/
C:/intelFPGA_lite/18.1/nios2eds/bin/gnu/H-x86_64-mingw32/bin/make --no-print-directory -C ../Arbitration_Nios1_APP_bsp/
[BSP build complete]
Info: Compiling arbitration_nios1.c to obj/default/arbitration_nios1.o
nios2-elf-gcc -xc -MP -MMD -c -I../Arbitration_Nios1_APP_bsp//HAL/inc -I../Arbitration_Nios1_APP_bsp/ -I../Arbitration_Nios1_APP_bsp//drivers/inc  -pipe -D__hal__ -DALT_NO_INSTRUCTION_EMULATION -DALT_USE_SMALL_DRIVERS -DSMALL_C_LIB -DALT_SINGLE_THREADED    -O0 -g -Wall   -mno-hw-div -mno-hw-mul -mno-hw-mulx -mgpopt=global  -o obj/default/arbitration_nios1.o arbitration_nios1.c
Info: Linking Arbitration_Nios1_APP.elf
nios2-elf-g++  -T'../Arbitration_Nios1_APP_bsp//linker.x' -msys-crt0='../Arbitration_Nios1_APP_bsp//obj/HAL/src/crt0.o' -msys-lib=hal_bsp -L../Arbitration_Nios1_APP_bsp/  -msmallc  -Wl,-Map=Arbitration_Nios1_APP.map   -O0 -g -Wall   -mno-hw-div -mno-hw-mul -mno-hw-mulx -mgpopt=global  -o Arbitration_Nios1_APP.elf obj/default/arbitration_nios1.o -lm -msys-lib=m
nios2-elf-insert Arbitration_Nios1_APP.elf --thread_model hal --cpu_name nios2_gen2_1 --qsys true --simulation_enabled false --id 14 --sidp 0xa000 --timestamp 1701394631 --stderr_dev jtag_uart_1 --stdin_dev jtag_uart_1 --stdout_dev jtag_uart_1 --sopc_system_name nios_system --quartus_project_dir "D:/ESD1/demo/Arbitration_Demo/Quartus/part2" --jdi ../..//output_files/ArbitrationDemo2.jdi --sopcinfo D:/ESD1/demo/Arbitration_Demo/Quartus/part2/software/Arbitration_Nios1_APP_bsp/../../nios_system.sopcinfo
Info: (Arbitration_Nios1_APP.elf) 5864 Bytes program size (code + initialized data).
Info:                             9788 Bytes free for stack + heap.
Info: Creating Arbitration_Nios1_APP.objdump
nios2-elf-objdump --disassemble --syms --all-header --source Arbitration_Nios1_APP.elf >Arbitration_Nios1_APP.objdump
[Arbitration_Nios1_APP build complete]
21:03:35 **** Build of configuration Nios II for project Arbitration_Nios0_APP ****
make all 
Info: Building ../Arbitration_Nios0_APP_bsp/
C:/intelFPGA_lite/18.1/nios2eds/bin/gnu/H-x86_64-mingw32/bin/make --no-print-directory -C ../Arbitration_Nios0_APP_bsp/
[BSP build complete]
[Arbitration_Nios0_APP build complete]
21:03:37 **** Incremental Build of configuration Nios II for project Arbitration_Nios0_APP ****
make all 
Info: Building ../Arbitration_Nios0_APP_bsp/
C:/intelFPGA_lite/18.1/nios2eds/bin/gnu/H-x86_64-mingw32/bin/make --no-print-directory -C ../Arbitration_Nios0_APP_bsp/
[BSP build complete]
[Arbitration_Nios0_APP build complete]
21:05:38 **** Incremental Build of configuration Nios II for project Arbitration_Nios0_APP ****
make all 
Info: Building ../Arbitration_Nios0_APP_bsp/
C:/intelFPGA_lite/18.1/nios2eds/bin/gnu/H-x86_64-mingw32/bin/make --no-print-directory -C ../Arbitration_Nios0_APP_bsp/
[BSP build complete]
[Arbitration_Nios0_APP build complete]
21:57:31 **** Build of configuration Nios II for project Arbitration_Nios0_APP ****
make all 
Info: Building ../Arbitration_Nios0_APP_bsp/
C:/intelFPGA_lite/18.1/nios2eds/bin/gnu/H-x86_64-mingw32/bin/make --no-print-directory -C ../Arbitration_Nios0_APP_bsp/
[BSP build complete]
[Arbitration_Nios0_APP build complete]
21:58:27 **** Build of configuration Nios II for project Arbitration_Nios1_APP ****
make all 
Info: Building ../Arbitration_Nios1_APP_bsp/
C:/intelFPGA_lite/18.1/nios2eds/bin/gnu/H-x86_64-mingw32/bin/make --no-print-directory -C ../Arbitration_Nios1_APP_bsp/
[BSP build complete]
[Arbitration_Nios1_APP build complete]
21:58:28 **** Incremental Build of configuration Nios II for project Arbitration_Nios1_APP ****
make all 
Info: Building ../Arbitration_Nios1_APP_bsp/
C:/intelFPGA_lite/18.1/nios2eds/bin/gnu/H-x86_64-mingw32/bin/make --no-print-directory -C ../Arbitration_Nios1_APP_bsp/
[BSP build complete]
[Arbitration_Nios1_APP build complete]
09:03:18 **** Build of configuration Nios II for project Arbitration_Nios0_APP ****
make all 
Info: Building ../Arbitration_Nios0_APP_bsp/
C:/intelFPGA_lite/18.1/nios2eds/bin/gnu/H-x86_64-mingw32/bin/make --no-print-directory -C ../Arbitration_Nios0_APP_bsp/
[BSP build complete]
[Arbitration_Nios0_APP build complete]
09:03:44 **** Build of configuration Nios II for project Arbitration_Nios1_APP ****
make all 
Info: Building ../Arbitration_Nios1_APP_bsp/
C:/intelFPGA_lite/18.1/nios2eds/bin/gnu/H-x86_64-mingw32/bin/make --no-print-directory -C ../Arbitration_Nios1_APP_bsp/
[BSP build complete]
[Arbitration_Nios1_APP build complete]
