01:41:56 **** Incremental Build of configuration Nios II for project nios_system ****
make all 
Info: Building ../nios_system_bsp/
C:/intelFPGA_lite/18.1/nios2eds/bin/gnu/H-x86_64-mingw32/bin/make --no-print-directory -C ../nios_system_bsp/
[BSP build complete]
Info: Compiling lab5Code.c to obj/default/lab5Code.o
nios2-elf-gcc -xc -MP -MMD -c -I../nios_system_bsp//HAL/inc -I../nios_system_bsp/ -I../nios_system_bsp//drivers/inc  -pipe -D__hal__ -DALT_NO_INSTRUCTION_EMULATION -DALT_SINGLE_THREADED    -O0 -g -Wall   -mno-hw-div -mno-hw-mul -mno-hw-mulx -mgpopt=global  -o obj/default/lab5Code.o lab5Code.c
lab5Code.c: In function 'main':
lab5Code.c:103:64: warning: passing argument 3 of 'alt_ic_isr_register' from incompatible pointer type [-Wincompatible-pointer-types]
  alt_ic_isr_register(KEYS_IRQ_INTERRUPT_CONTROLLER_ID,KEYS_IRQ,keyPtr,0,0);
                                                                ^
In file included from lab5Code.c:5:0:
../nios_system_bsp//HAL/inc/sys/alt_irq.h:195:12: note: expected 'alt_isr_func {aka void (*)(void *)}' but argument is of type 'volatile uint32 * {aka volatile long unsigned int *}'
 extern int alt_ic_isr_register(alt_u32 ic_id,
            ^
Info: Linking nios_system.elf
nios2-elf-g++  -T'../nios_system_bsp//linker.x' -msys-crt0='../nios_system_bsp//obj/HAL/src/crt0.o' -msys-lib=hal_bsp -L../nios_system_bsp/   -Wl,-Map=nios_system.map   -O0 -g -Wall   -mno-hw-div -mno-hw-mul -mno-hw-mulx -mgpopt=global  -o nios_system.elf obj/default/lab5Code.o -lm -msys-lib=m
nios2-elf-insert nios_system.elf --thread_model hal --cpu_name nios2_gen2_0 --qsys true --simulation_enabled false --id 12 --sidp 0x11070 --timestamp 1699069357 --stderr_dev jtag_uart_0 --stdin_dev jtag_uart_0 --stdout_dev jtag_uart_0 --sopc_system_name nios_system --quartus_project_dir "D:/ESD1/DE1_SoC_Lab5" --jdi ../..//output_files/lab4.jdi --sopcinfo D:/ESD1/DE1_SoC_Lab5/software/nios_system_bsp/../../nios_system.sopcinfo
Info: (nios_system.elf) 15 KBytes program size (code + initialized data).
Info:                   10 KBytes free for stack + heap.
Info: Creating nios_system.objdump
nios2-elf-objdump --disassemble --syms --all-header --source nios_system.elf >nios_system.objdump
[nios_system build complete]

01:41:57 Build Finished (took 1s.407ms)

